ARM GAS  C:\Users\vboxuser\AppData\Local\Temp\ccmu00uP.s 			page 1


   1              		.syntax unified
   2              		.cpu cortex-m3
   3              		.fpu softvfp
   4              		.eabi_attribute 20, 1
   5              		.eabi_attribute 21, 1
   6              		.eabi_attribute 23, 3
   7              		.eabi_attribute 24, 1
   8              		.eabi_attribute 25, 1
   9              		.eabi_attribute 26, 1
  10              		.eabi_attribute 30, 1
  11              		.eabi_attribute 34, 1
  12              		.eabi_attribute 18, 4
  13              		.thumb
  14              		.syntax unified
  15              		.file	"cymetadata.c"
  16              		.text
  17              	.Ltext0:
  18              		.cfi_sections	.debug_frame
  19              		.global	cy_metadata
  20              		.global	cy_meta_flashprotect
  21              		.global	cy_meta_wonvl
  22              		.global	cy_meta_custnvl
  23              		.global	cy_meta_configecc
  24              		.section	.cyconfigecc,"a",%progbits
  25              		.align	2
  26              		.type	cy_meta_configecc, %object
  27              		.size	cy_meta_configecc, 1148
  28              	cy_meta_configecc:
  29 0000 01       		.byte	1
  30 0001 45       		.byte	69
  31 0002 00       		.byte	0
  32 0003 40       		.byte	64
  33 0004 03       		.byte	3
  34 0005 52       		.byte	82
  35 0006 00       		.byte	0
  36 0007 40       		.byte	64
  37 0008 01       		.byte	1
  38 0009 5A       		.byte	90
  39 000a 00       		.byte	0
  40 000b 40       		.byte	64
  41 000c 03       		.byte	3
  42 000d 64       		.byte	100
  43 000e 00       		.byte	0
  44 000f 40       		.byte	64
  45 0010 01       		.byte	1
  46 0011 03       		.byte	3
  47 0012 01       		.byte	1
  48 0013 40       		.byte	64
  49 0014 02       		.byte	2
  50 0015 05       		.byte	5
  51 0016 01       		.byte	1
  52 0017 40       		.byte	64
  53 0018 01       		.byte	1
  54 0019 07       		.byte	7
  55 001a 01       		.byte	1
  56 001b 40       		.byte	64
  57 001c 02       		.byte	2
ARM GAS  C:\Users\vboxuser\AppData\Local\Temp\ccmu00uP.s 			page 2


  58 001d 09       		.byte	9
  59 001e 01       		.byte	1
  60 001f 40       		.byte	64
  61 0020 4C       		.byte	76
  62 0021 0A       		.byte	10
  63 0022 01       		.byte	1
  64 0023 40       		.byte	64
  65 0024 41       		.byte	65
  66 0025 0B       		.byte	11
  67 0026 01       		.byte	1
  68 0027 40       		.byte	64
  69 0028 0C       		.byte	12
  70 0029 0C       		.byte	12
  71 002a 01       		.byte	1
  72 002b 40       		.byte	64
  73 002c 40       		.byte	64
  74 002d 0D       		.byte	13
  75 002e 01       		.byte	1
  76 002f 40       		.byte	64
  77 0030 50       		.byte	80
  78 0031 0E       		.byte	14
  79 0032 01       		.byte	1
  80 0033 40       		.byte	64
  81 0034 35       		.byte	53
  82 0035 0F       		.byte	15
  83 0036 01       		.byte	1
  84 0037 40       		.byte	64
  85 0038 04       		.byte	4
  86 0039 16       		.byte	22
  87 003a 01       		.byte	1
  88 003b 40       		.byte	64
  89 003c 02       		.byte	2
  90 003d 17       		.byte	23
  91 003e 01       		.byte	1
  92 003f 40       		.byte	64
  93 0040 01       		.byte	1
  94 0041 19       		.byte	25
  95 0042 01       		.byte	1
  96 0043 40       		.byte	64
  97 0044 04       		.byte	4
  98 0045 40       		.byte	64
  99 0046 01       		.byte	1
 100 0047 40       		.byte	64
 101 0048 06       		.byte	6
 102 0049 41       		.byte	65
 103 004a 01       		.byte	1
 104 004b 40       		.byte	64
 105 004c 07       		.byte	7
 106 004d 42       		.byte	66
 107 004e 01       		.byte	1
 108 004f 40       		.byte	64
 109 0050 07       		.byte	7
 110 0051 43       		.byte	67
 111 0052 01       		.byte	1
 112 0053 40       		.byte	64
 113 0054 02       		.byte	2
 114 0055 44       		.byte	68
ARM GAS  C:\Users\vboxuser\AppData\Local\Temp\ccmu00uP.s 			page 3


 115 0056 01       		.byte	1
 116 0057 40       		.byte	64
 117 0058 05       		.byte	5
 118 0059 45       		.byte	69
 119 005a 01       		.byte	1
 120 005b 40       		.byte	64
 121 005c 07       		.byte	7
 122 005d 46       		.byte	70
 123 005e 01       		.byte	1
 124 005f 40       		.byte	64
 125 0060 04       		.byte	4
 126 0061 47       		.byte	71
 127 0062 01       		.byte	1
 128 0063 40       		.byte	64
 129 0064 05       		.byte	5
 130 0065 48       		.byte	72
 131 0066 01       		.byte	1
 132 0067 40       		.byte	64
 133 0068 03       		.byte	3
 134 0069 4C       		.byte	76
 135 006a 01       		.byte	1
 136 006b 40       		.byte	64
 137 006c 05       		.byte	5
 138 006d 50       		.byte	80
 139 006e 01       		.byte	1
 140 006f 40       		.byte	64
 141 0070 03       		.byte	3
 142 0071 51       		.byte	81
 143 0072 01       		.byte	1
 144 0073 40       		.byte	64
 145 0074 17       		.byte	23
 146 0075 02       		.byte	2
 147 0076 10       		.byte	16
 148 0077 02       		.byte	2
 149 0078 11       		.byte	17
 150 0079 02       		.byte	2
 151 007a 14       		.byte	20
 152 007b 01       		.byte	1
 153 007c 9F       		.byte	-97
 154 007d 01       		.byte	1
 155 007e 8A       		.byte	-118
 156 007f 72       		.byte	114
 157 0080 8D       		.byte	-115
 158 0081 38       		.byte	56
 159 0082 8E       		.byte	-114
 160 0083 0F       		.byte	15
 161 0084 E6       		.byte	-26
 162 0085 02       		.byte	2
 163 0086 E0       		.byte	-32
 164 0087 02       		.byte	2
 165 0088 EC       		.byte	-20
 166 0089 04       		.byte	4
 167 008a E4       		.byte	-28
 168 008b 04       		.byte	4
 169 008c B0       		.byte	-80
 170 008d 84       		.byte	-124
 171 008e E4       		.byte	-28
ARM GAS  C:\Users\vboxuser\AppData\Local\Temp\ccmu00uP.s 			page 4


 172 008f 04       		.byte	4
 173 0090 00       		.byte	0
 174 0091 13       		.byte	19
 175 0092 02       		.byte	2
 176 0093 0C       		.byte	12
 177 0094 04       		.byte	4
 178 0095 0C       		.byte	12
 179 0096 05       		.byte	5
 180 0097 18       		.byte	24
 181 0098 06       		.byte	6
 182 0099 13       		.byte	19
 183 009a 08       		.byte	8
 184 009b 02       		.byte	2
 185 009c 09       		.byte	9
 186 009d 08       		.byte	8
 187 009e 0E       		.byte	14
 188 009f 13       		.byte	19
 189 00a0 13       		.byte	19
 190 00a1 23       		.byte	35
 191 00a2 14       		.byte	20
 192 00a3 0F       		.byte	15
 193 00a4 15       		.byte	21
 194 00a5 1C       		.byte	28
 195 00a6 16       		.byte	22
 196 00a7 10       		.byte	16
 197 00a8 17       		.byte	23
 198 00a9 21       		.byte	33
 199 00aa 18       		.byte	24
 200 00ab 01       		.byte	1
 201 00ac 19       		.byte	25
 202 00ad 04       		.byte	4
 203 00ae 1C       		.byte	28
 204 00af 03       		.byte	3
 205 00b0 1D       		.byte	29
 206 00b1 10       		.byte	16
 207 00b2 20       		.byte	32
 208 00b3 08       		.byte	8
 209 00b4 21       		.byte	33
 210 00b5 3C       		.byte	60
 211 00b6 23       		.byte	35
 212 00b7 02       		.byte	2
 213 00b8 24       		.byte	36
 214 00b9 04       		.byte	4
 215 00ba 27       		.byte	39
 216 00bb 04       		.byte	4
 217 00bc 28       		.byte	40
 218 00bd 0C       		.byte	12
 219 00be 29       		.byte	41
 220 00bf 27       		.byte	39
 221 00c0 2B       		.byte	43
 222 00c1 18       		.byte	24
 223 00c2 2C       		.byte	44
 224 00c3 1F       		.byte	31
 225 00c4 2D       		.byte	45
 226 00c5 3F       		.byte	63
 227 00c6 31       		.byte	49
 228 00c7 38       		.byte	56
ARM GAS  C:\Users\vboxuser\AppData\Local\Temp\ccmu00uP.s 			page 5


 229 00c8 32       		.byte	50
 230 00c9 1C       		.byte	28
 231 00ca 34       		.byte	52
 232 00cb 0F       		.byte	15
 233 00cc 35       		.byte	53
 234 00cd 1F       		.byte	31
 235 00ce 3A       		.byte	58
 236 00cf A8       		.byte	-88
 237 00d0 3B       		.byte	59
 238 00d1 20       		.byte	32
 239 00d2 56       		.byte	86
 240 00d3 02       		.byte	2
 241 00d4 57       		.byte	87
 242 00d5 12       		.byte	18
 243 00d6 58       		.byte	88
 244 00d7 04       		.byte	4
 245 00d8 59       		.byte	89
 246 00d9 04       		.byte	4
 247 00da 5B       		.byte	91
 248 00db 04       		.byte	4
 249 00dc 5C       		.byte	92
 250 00dd 11       		.byte	17
 251 00de 5D       		.byte	93
 252 00df 10       		.byte	16
 253 00e0 5F       		.byte	95
 254 00e1 01       		.byte	1
 255 00e2 87       		.byte	-121
 256 00e3 01       		.byte	1
 257 00e4 8C       		.byte	-116
 258 00e5 03       		.byte	3
 259 00e6 92       		.byte	-110
 260 00e7 01       		.byte	1
 261 00e8 94       		.byte	-108
 262 00e9 03       		.byte	3
 263 00ea 97       		.byte	-105
 264 00eb 01       		.byte	1
 265 00ec 99       		.byte	-103
 266 00ed 01       		.byte	1
 267 00ee 9D       		.byte	-99
 268 00ef 01       		.byte	1
 269 00f0 AC       		.byte	-84
 270 00f1 02       		.byte	2
 271 00f2 B6       		.byte	-74
 272 00f3 03       		.byte	3
 273 00f4 B7       		.byte	-73
 274 00f5 01       		.byte	1
 275 00f6 B8       		.byte	-72
 276 00f7 80       		.byte	-128
 277 00f8 B9       		.byte	-71
 278 00f9 80       		.byte	-128
 279 00fa BE       		.byte	-66
 280 00fb 40       		.byte	64
 281 00fc C0       		.byte	-64
 282 00fd 01       		.byte	1
 283 00fe C7       		.byte	-57
 284 00ff 40       		.byte	64
 285 0100 C9       		.byte	-55
ARM GAS  C:\Users\vboxuser\AppData\Local\Temp\ccmu00uP.s 			page 6


 286 0101 FF       		.byte	-1
 287 0102 CA       		.byte	-54
 288 0103 07       		.byte	7
 289 0104 CB       		.byte	-53
 290 0105 FF       		.byte	-1
 291 0106 CC       		.byte	-52
 292 0107 40       		.byte	64
 293 0108 CD       		.byte	-51
 294 0109 20       		.byte	32
 295 010a CE       		.byte	-50
 296 010b F0       		.byte	-16
 297 010c CF       		.byte	-49
 298 010d 05       		.byte	5
 299 010e D0       		.byte	-48
 300 010f 08       		.byte	8
 301 0110 D4       		.byte	-44
 302 0111 01       		.byte	1
 303 0112 D8       		.byte	-40
 304 0113 04       		.byte	4
 305 0114 D9       		.byte	-39
 306 0115 04       		.byte	4
 307 0116 DA       		.byte	-38
 308 0117 04       		.byte	4
 309 0118 DB       		.byte	-37
 310 0119 04       		.byte	4
 311 011a DC       		.byte	-36
 312 011b 10       		.byte	16
 313 011c DD       		.byte	-35
 314 011d 91       		.byte	-111
 315 011e DF       		.byte	-33
 316 011f 01       		.byte	1
 317 0120 E0       		.byte	-32
 318 0121 40       		.byte	64
 319 0122 E1       		.byte	-31
 320 0123 A8       		.byte	-88
 321 0124 E2       		.byte	-30
 322 0125 40       		.byte	64
 323 0126 E3       		.byte	-29
 324 0127 20       		.byte	32
 325 0128 00       		.byte	0
 326 0129 88       		.byte	-120
 327 012a 01       		.byte	1
 328 012b 02       		.byte	2
 329 012c 02       		.byte	2
 330 012d 0A       		.byte	10
 331 012e 04       		.byte	4
 332 012f 80       		.byte	-128
 333 0130 08       		.byte	8
 334 0131 10       		.byte	16
 335 0132 0A       		.byte	10
 336 0133 12       		.byte	18
 337 0134 0E       		.byte	14
 338 0135 20       		.byte	32
 339 0136 0F       		.byte	15
 340 0137 80       		.byte	-128
 341 0138 10       		.byte	16
 342 0139 80       		.byte	-128
ARM GAS  C:\Users\vboxuser\AppData\Local\Temp\ccmu00uP.s 			page 7


 343 013a 13       		.byte	19
 344 013b 94       		.byte	-108
 345 013c 17       		.byte	23
 346 013d 40       		.byte	64
 347 013e 19       		.byte	25
 348 013f 74       		.byte	116
 349 0140 1A       		.byte	26
 350 0141 11       		.byte	17
 351 0142 1D       		.byte	29
 352 0143 80       		.byte	-128
 353 0144 20       		.byte	32
 354 0145 08       		.byte	8
 355 0146 21       		.byte	33
 356 0147 01       		.byte	1
 357 0148 27       		.byte	39
 358 0149 01       		.byte	1
 359 014a 28       		.byte	40
 360 014b 80       		.byte	-128
 361 014c 29       		.byte	41
 362 014d 58       		.byte	88
 363 014e 30       		.byte	48
 364 014f 90       		.byte	-112
 365 0150 31       		.byte	49
 366 0151 04       		.byte	4
 367 0152 32       		.byte	50
 368 0153 02       		.byte	2
 369 0154 35       		.byte	53
 370 0155 54       		.byte	84
 371 0156 37       		.byte	55
 372 0157 80       		.byte	-128
 373 0158 38       		.byte	56
 374 0159 28       		.byte	40
 375 015a 3C       		.byte	60
 376 015b 08       		.byte	8
 377 015c 45       		.byte	69
 378 015d 80       		.byte	-128
 379 015e 56       		.byte	86
 380 015f 80       		.byte	-128
 381 0160 57       		.byte	87
 382 0161 41       		.byte	65
 383 0162 5A       		.byte	90
 384 0163 04       		.byte	4
 385 0164 5D       		.byte	93
 386 0165 40       		.byte	64
 387 0166 6A       		.byte	106
 388 0167 80       		.byte	-128
 389 0168 6B       		.byte	107
 390 0169 14       		.byte	20
 391 016a 70       		.byte	112
 392 016b 94       		.byte	-108
 393 016c 73       		.byte	115
 394 016d 14       		.byte	20
 395 016e 8D       		.byte	-115
 396 016f 12       		.byte	18
 397 0170 90       		.byte	-112
 398 0171 80       		.byte	-128
 399 0172 91       		.byte	-111
ARM GAS  C:\Users\vboxuser\AppData\Local\Temp\ccmu00uP.s 			page 8


 400 0173 40       		.byte	64
 401 0174 92       		.byte	-110
 402 0175 06       		.byte	6
 403 0176 95       		.byte	-107
 404 0177 02       		.byte	2
 405 0178 96       		.byte	-106
 406 0179 91       		.byte	-111
 407 017a 98       		.byte	-104
 408 017b 10       		.byte	16
 409 017c 99       		.byte	-103
 410 017d 08       		.byte	8
 411 017e 9B       		.byte	-101
 412 017f 40       		.byte	64
 413 0180 9D       		.byte	-99
 414 0181 60       		.byte	96
 415 0182 9E       		.byte	-98
 416 0183 80       		.byte	-128
 417 0184 9F       		.byte	-97
 418 0185 15       		.byte	21
 419 0186 A0       		.byte	-96
 420 0187 40       		.byte	64
 421 0188 A2       		.byte	-94
 422 0189 18       		.byte	24
 423 018a A4       		.byte	-92
 424 018b 04       		.byte	4
 425 018c A7       		.byte	-89
 426 018d 01       		.byte	1
 427 018e A9       		.byte	-87
 428 018f 40       		.byte	64
 429 0190 AB       		.byte	-85
 430 0191 01       		.byte	1
 431 0192 B0       		.byte	-80
 432 0193 10       		.byte	16
 433 0194 B4       		.byte	-76
 434 0195 12       		.byte	18
 435 0196 C0       		.byte	-64
 436 0197 8F       		.byte	-113
 437 0198 C2       		.byte	-62
 438 0199 37       		.byte	55
 439 019a C4       		.byte	-60
 440 019b 8F       		.byte	-113
 441 019c CA       		.byte	-54
 442 019d 0F       		.byte	15
 443 019e CC       		.byte	-52
 444 019f 7F       		.byte	127
 445 01a0 CE       		.byte	-50
 446 01a1 46       		.byte	70
 447 01a2 D0       		.byte	-48
 448 01a3 10       		.byte	16
 449 01a4 D6       		.byte	-42
 450 01a5 12       		.byte	18
 451 01a6 E0       		.byte	-32
 452 01a7 02       		.byte	2
 453 01a8 E8       		.byte	-24
 454 01a9 01       		.byte	1
 455 01aa 02       		.byte	2
 456 01ab 01       		.byte	1
ARM GAS  C:\Users\vboxuser\AppData\Local\Temp\ccmu00uP.s 			page 9


 457 01ac 06       		.byte	6
 458 01ad 03       		.byte	3
 459 01ae 0A       		.byte	10
 460 01af 06       		.byte	6
 461 01b0 0E       		.byte	14
 462 01b1 05       		.byte	5
 463 01b2 1E       		.byte	30
 464 01b3 02       		.byte	2
 465 01b4 2C       		.byte	44
 466 01b5 06       		.byte	6
 467 01b6 2E       		.byte	46
 468 01b7 01       		.byte	1
 469 01b8 32       		.byte	50
 470 01b9 07       		.byte	7
 471 01ba 3A       		.byte	58
 472 01bb 08       		.byte	8
 473 01bc 58       		.byte	88
 474 01bd 04       		.byte	4
 475 01be 5C       		.byte	92
 476 01bf 01       		.byte	1
 477 01c0 5F       		.byte	95
 478 01c1 01       		.byte	1
 479 01c2 00       		.byte	0
 480 01c3 08       		.byte	8
 481 01c4 01       		.byte	1
 482 01c5 20       		.byte	32
 483 01c6 03       		.byte	3
 484 01c7 01       		.byte	1
 485 01c8 04       		.byte	4
 486 01c9 80       		.byte	-128
 487 01ca 05       		.byte	5
 488 01cb 14       		.byte	20
 489 01cc 06       		.byte	6
 490 01cd 80       		.byte	-128
 491 01ce 08       		.byte	8
 492 01cf 10       		.byte	16
 493 01d0 0A       		.byte	10
 494 01d1 12       		.byte	18
 495 01d2 0B       		.byte	11
 496 01d3 80       		.byte	-128
 497 01d4 0F       		.byte	15
 498 01d5 02       		.byte	2
 499 01d6 10       		.byte	16
 500 01d7 80       		.byte	-128
 501 01d8 12       		.byte	18
 502 01d9 28       		.byte	40
 503 01da 16       		.byte	22
 504 01db 01       		.byte	1
 505 01dc 17       		.byte	23
 506 01dd 40       		.byte	64
 507 01de 18       		.byte	24
 508 01df 05       		.byte	5
 509 01e0 19       		.byte	25
 510 01e1 09       		.byte	9
 511 01e2 1D       		.byte	29
 512 01e3 04       		.byte	4
 513 01e4 1E       		.byte	30
ARM GAS  C:\Users\vboxuser\AppData\Local\Temp\ccmu00uP.s 			page 10


 514 01e5 20       		.byte	32
 515 01e6 1F       		.byte	31
 516 01e7 08       		.byte	8
 517 01e8 20       		.byte	32
 518 01e9 10       		.byte	16
 519 01ea 21       		.byte	33
 520 01eb 10       		.byte	16
 521 01ec 22       		.byte	34
 522 01ed 22       		.byte	34
 523 01ee 23       		.byte	35
 524 01ef 01       		.byte	1
 525 01f0 29       		.byte	41
 526 01f1 14       		.byte	20
 527 01f2 2A       		.byte	42
 528 01f3 01       		.byte	1
 529 01f4 2B       		.byte	43
 530 01f5 01       		.byte	1
 531 01f6 32       		.byte	50
 532 01f7 42       		.byte	66
 533 01f8 33       		.byte	51
 534 01f9 14       		.byte	20
 535 01fa 38       		.byte	56
 536 01fb A8       		.byte	-88
 537 01fc 39       		.byte	57
 538 01fd 02       		.byte	2
 539 01fe 40       		.byte	64
 540 01ff 01       		.byte	1
 541 0200 41       		.byte	65
 542 0201 11       		.byte	17
 543 0202 48       		.byte	72
 544 0203 80       		.byte	-128
 545 0204 49       		.byte	73
 546 0205 60       		.byte	96
 547 0206 4B       		.byte	75
 548 0207 80       		.byte	-128
 549 0208 50       		.byte	80
 550 0209 04       		.byte	4
 551 020a 59       		.byte	89
 552 020b 01       		.byte	1
 553 020c 60       		.byte	96
 554 020d 06       		.byte	6
 555 020e 63       		.byte	99
 556 020f 40       		.byte	64
 557 0210 87       		.byte	-121
 558 0211 40       		.byte	64
 559 0212 88       		.byte	-120
 560 0213 40       		.byte	64
 561 0214 89       		.byte	-119
 562 0215 10       		.byte	16
 563 0216 90       		.byte	-112
 564 0217 A0       		.byte	-96
 565 0218 92       		.byte	-110
 566 0219 06       		.byte	6
 567 021a 96       		.byte	-106
 568 021b 11       		.byte	17
 569 021c 99       		.byte	-103
 570 021d 10       		.byte	16
ARM GAS  C:\Users\vboxuser\AppData\Local\Temp\ccmu00uP.s 			page 11


 571 021e 9B       		.byte	-101
 572 021f 40       		.byte	64
 573 0220 9C       		.byte	-100
 574 0221 10       		.byte	16
 575 0222 9D       		.byte	-99
 576 0223 20       		.byte	32
 577 0224 9E       		.byte	-98
 578 0225 80       		.byte	-128
 579 0226 9F       		.byte	-97
 580 0227 14       		.byte	20
 581 0228 A2       		.byte	-94
 582 0229 08       		.byte	8
 583 022a A4       		.byte	-92
 584 022b 04       		.byte	4
 585 022c A7       		.byte	-89
 586 022d 09       		.byte	9
 587 022e C0       		.byte	-64
 588 022f F7       		.byte	-9
 589 0230 C2       		.byte	-62
 590 0231 8F       		.byte	-113
 591 0232 C4       		.byte	-60
 592 0233 8E       		.byte	-114
 593 0234 CA       		.byte	-54
 594 0235 0F       		.byte	15
 595 0236 CC       		.byte	-52
 596 0237 0F       		.byte	15
 597 0238 CE       		.byte	-50
 598 0239 0F       		.byte	15
 599 023a D0       		.byte	-48
 600 023b 0D       		.byte	13
 601 023c D2       		.byte	-46
 602 023d 0C       		.byte	12
 603 023e D6       		.byte	-42
 604 023f 01       		.byte	1
 605 0240 D8       		.byte	-40
 606 0241 0D       		.byte	13
 607 0242 04       		.byte	4
 608 0243 20       		.byte	32
 609 0244 07       		.byte	7
 610 0245 20       		.byte	32
 611 0246 08       		.byte	8
 612 0247 20       		.byte	32
 613 0248 09       		.byte	9
 614 0249 12       		.byte	18
 615 024a 0B       		.byte	11
 616 024b 05       		.byte	5
 617 024c 0D       		.byte	13
 618 024d 20       		.byte	32
 619 024e 0E       		.byte	14
 620 024f 0A       		.byte	10
 621 0250 10       		.byte	16
 622 0251 06       		.byte	6
 623 0252 11       		.byte	17
 624 0253 04       		.byte	4
 625 0254 12       		.byte	18
 626 0255 18       		.byte	24
 627 0256 13       		.byte	19
ARM GAS  C:\Users\vboxuser\AppData\Local\Temp\ccmu00uP.s 			page 12


 628 0257 18       		.byte	24
 629 0258 14       		.byte	20
 630 0259 20       		.byte	32
 631 025a 15       		.byte	21
 632 025b 1F       		.byte	31
 633 025c 18       		.byte	24
 634 025d 06       		.byte	6
 635 025e 19       		.byte	25
 636 025f 1F       		.byte	31
 637 0260 1A       		.byte	26
 638 0261 08       		.byte	8
 639 0262 1C       		.byte	28
 640 0263 20       		.byte	32
 641 0264 1F       		.byte	31
 642 0265 20       		.byte	32
 643 0266 20       		.byte	32
 644 0267 14       		.byte	20
 645 0268 22       		.byte	34
 646 0269 08       		.byte	8
 647 026a 25       		.byte	37
 648 026b 09       		.byte	9
 649 026c 26       		.byte	38
 650 026d 10       		.byte	16
 651 026e 27       		.byte	39
 652 026f 06       		.byte	6
 653 0270 28       		.byte	40
 654 0271 06       		.byte	6
 655 0272 29       		.byte	41
 656 0273 20       		.byte	32
 657 0274 2A       		.byte	42
 658 0275 08       		.byte	8
 659 0276 2C       		.byte	44
 660 0277 01       		.byte	1
 661 0278 2F       		.byte	47
 662 0279 20       		.byte	32
 663 027a 30       		.byte	48
 664 027b 1E       		.byte	30
 665 027c 31       		.byte	49
 666 027d 1C       		.byte	28
 667 027e 32       		.byte	50
 668 027f 01       		.byte	1
 669 0280 33       		.byte	51
 670 0281 03       		.byte	3
 671 0282 34       		.byte	52
 672 0283 20       		.byte	32
 673 0284 37       		.byte	55
 674 0285 20       		.byte	32
 675 0286 3A       		.byte	58
 676 0287 02       		.byte	2
 677 0288 3E       		.byte	62
 678 0289 14       		.byte	20
 679 028a 3F       		.byte	63
 680 028b 40       		.byte	64
 681 028c 40       		.byte	64
 682 028d 54       		.byte	84
 683 028e 41       		.byte	65
 684 028f 03       		.byte	3
ARM GAS  C:\Users\vboxuser\AppData\Local\Temp\ccmu00uP.s 			page 13


 685 0290 46       		.byte	70
 686 0291 B0       		.byte	-80
 687 0292 47       		.byte	71
 688 0293 EC       		.byte	-20
 689 0294 48       		.byte	72
 690 0295 38       		.byte	56
 691 0296 49       		.byte	73
 692 0297 FF       		.byte	-1
 693 0298 4A       		.byte	74
 694 0299 FF       		.byte	-1
 695 029a 4B       		.byte	75
 696 029b FF       		.byte	-1
 697 029c 4E       		.byte	78
 698 029d F0       		.byte	-16
 699 029e 4F       		.byte	79
 700 029f 44       		.byte	68
 701 02a0 50       		.byte	80
 702 02a1 0C       		.byte	12
 703 02a2 54       		.byte	84
 704 02a3 01       		.byte	1
 705 02a4 58       		.byte	88
 706 02a5 04       		.byte	4
 707 02a6 59       		.byte	89
 708 02a7 04       		.byte	4
 709 02a8 5A       		.byte	90
 710 02a9 04       		.byte	4
 711 02aa 5B       		.byte	91
 712 02ab 04       		.byte	4
 713 02ac 5C       		.byte	92
 714 02ad 11       		.byte	17
 715 02ae 5D       		.byte	93
 716 02af 11       		.byte	17
 717 02b0 5F       		.byte	95
 718 02b1 01       		.byte	1
 719 02b2 66       		.byte	102
 720 02b3 C0       		.byte	-64
 721 02b4 6A       		.byte	106
 722 02b5 40       		.byte	64
 723 02b6 6B       		.byte	107
 724 02b7 02       		.byte	2
 725 02b8 80       		.byte	-128
 726 02b9 02       		.byte	2
 727 02ba 83       		.byte	-125
 728 02bb 08       		.byte	8
 729 02bc 8C       		.byte	-116
 730 02bd 01       		.byte	1
 731 02be 8F       		.byte	-113
 732 02bf 03       		.byte	3
 733 02c0 9B       		.byte	-101
 734 02c1 0C       		.byte	12
 735 02c2 9D       		.byte	-99
 736 02c3 0C       		.byte	12
 737 02c4 9F       		.byte	-97
 738 02c5 03       		.byte	3
 739 02c6 A4       		.byte	-92
 740 02c7 01       		.byte	1
 741 02c8 A9       		.byte	-87
ARM GAS  C:\Users\vboxuser\AppData\Local\Temp\ccmu00uP.s 			page 14


 742 02c9 01       		.byte	1
 743 02ca AB       		.byte	-85
 744 02cb 0E       		.byte	14
 745 02cc AD       		.byte	-83
 746 02cd 01       		.byte	1
 747 02ce AE       		.byte	-82
 748 02cf 01       		.byte	1
 749 02d0 AF       		.byte	-81
 750 02d1 06       		.byte	6
 751 02d2 B1       		.byte	-79
 752 02d3 0F       		.byte	15
 753 02d4 B4       		.byte	-76
 754 02d5 03       		.byte	3
 755 02d6 B8       		.byte	-72
 756 02d7 20       		.byte	32
 757 02d8 BB       		.byte	-69
 758 02d9 02       		.byte	2
 759 02da D8       		.byte	-40
 760 02db 04       		.byte	4
 761 02dc D9       		.byte	-39
 762 02dd 04       		.byte	4
 763 02de DC       		.byte	-36
 764 02df 11       		.byte	17
 765 02e0 DF       		.byte	-33
 766 02e1 01       		.byte	1
 767 02e2 00       		.byte	0
 768 02e3 08       		.byte	8
 769 02e4 01       		.byte	1
 770 02e5 A0       		.byte	-96
 771 02e6 04       		.byte	4
 772 02e7 80       		.byte	-128
 773 02e8 06       		.byte	6
 774 02e9 80       		.byte	-128
 775 02ea 08       		.byte	8
 776 02eb 20       		.byte	32
 777 02ec 0A       		.byte	10
 778 02ed 11       		.byte	17
 779 02ee 0B       		.byte	11
 780 02ef 48       		.byte	72
 781 02f0 10       		.byte	16
 782 02f1 05       		.byte	5
 783 02f2 11       		.byte	17
 784 02f3 02       		.byte	2
 785 02f4 12       		.byte	18
 786 02f5 22       		.byte	34
 787 02f6 16       		.byte	22
 788 02f7 20       		.byte	32
 789 02f8 17       		.byte	23
 790 02f9 40       		.byte	64
 791 02fa 18       		.byte	24
 792 02fb 80       		.byte	-128
 793 02fc 19       		.byte	25
 794 02fd 04       		.byte	4
 795 02fe 1A       		.byte	26
 796 02ff 04       		.byte	4
 797 0300 1B       		.byte	27
 798 0301 02       		.byte	2
ARM GAS  C:\Users\vboxuser\AppData\Local\Temp\ccmu00uP.s 			page 15


 799 0302 1D       		.byte	29
 800 0303 10       		.byte	16
 801 0304 20       		.byte	32
 802 0305 10       		.byte	16
 803 0306 22       		.byte	34
 804 0307 49       		.byte	73
 805 0308 25       		.byte	37
 806 0309 01       		.byte	1
 807 030a 27       		.byte	39
 808 030b 40       		.byte	64
 809 030c 28       		.byte	40
 810 030d 14       		.byte	20
 811 030e 29       		.byte	41
 812 030f 80       		.byte	-128
 813 0310 2A       		.byte	42
 814 0311 A0       		.byte	-96
 815 0312 2B       		.byte	43
 816 0313 08       		.byte	8
 817 0314 2F       		.byte	47
 818 0315 0A       		.byte	10
 819 0316 32       		.byte	50
 820 0317 01       		.byte	1
 821 0318 33       		.byte	51
 822 0319 54       		.byte	84
 823 031a 35       		.byte	53
 824 031b 10       		.byte	16
 825 031c 36       		.byte	54
 826 031d 20       		.byte	32
 827 031e 37       		.byte	55
 828 031f 40       		.byte	64
 829 0320 38       		.byte	56
 830 0321 98       		.byte	-104
 831 0322 3B       		.byte	59
 832 0323 40       		.byte	64
 833 0324 3E       		.byte	62
 834 0325 80       		.byte	-128
 835 0326 3F       		.byte	63
 836 0327 02       		.byte	2
 837 0328 42       		.byte	66
 838 0329 80       		.byte	-128
 839 032a 43       		.byte	67
 840 032b 08       		.byte	8
 841 032c 4B       		.byte	75
 842 032d 40       		.byte	64
 843 032e 50       		.byte	80
 844 032f 14       		.byte	20
 845 0330 52       		.byte	82
 846 0331 02       		.byte	2
 847 0332 53       		.byte	83
 848 0333 04       		.byte	4
 849 0334 58       		.byte	88
 850 0335 21       		.byte	33
 851 0336 59       		.byte	89
 852 0337 04       		.byte	4
 853 0338 5A       		.byte	90
 854 0339 80       		.byte	-128
 855 033a C0       		.byte	-64
ARM GAS  C:\Users\vboxuser\AppData\Local\Temp\ccmu00uP.s 			page 16


 856 033b 97       		.byte	-105
 857 033c C2       		.byte	-62
 858 033d 0F       		.byte	15
 859 033e C4       		.byte	-60
 860 033f AF       		.byte	-81
 861 0340 CA       		.byte	-54
 862 0341 3E       		.byte	62
 863 0342 CC       		.byte	-52
 864 0343 3F       		.byte	63
 865 0344 CE       		.byte	-50
 866 0345 9E       		.byte	-98
 867 0346 D0       		.byte	-48
 868 0347 03       		.byte	3
 869 0348 D2       		.byte	-46
 870 0349 08       		.byte	8
 871 034a D6       		.byte	-42
 872 034b 0F       		.byte	15
 873 034c B9       		.byte	-71
 874 034d 20       		.byte	32
 875 034e BF       		.byte	-65
 876 034f 10       		.byte	16
 877 0350 D9       		.byte	-39
 878 0351 04       		.byte	4
 879 0352 DF       		.byte	-33
 880 0353 01       		.byte	1
 881 0354 23       		.byte	35
 882 0355 08       		.byte	8
 883 0356 8F       		.byte	-113
 884 0357 08       		.byte	8
 885 0358 E4       		.byte	-28
 886 0359 40       		.byte	64
 887 035a 32       		.byte	50
 888 035b 20       		.byte	32
 889 035c 3C       		.byte	60
 890 035d 40       		.byte	64
 891 035e CC       		.byte	-52
 892 035f 10       		.byte	16
 893 0360 CE       		.byte	-50
 894 0361 20       		.byte	32
 895 0362 11       		.byte	17
 896 0363 40       		.byte	64
 897 0364 86       		.byte	-122
 898 0365 20       		.byte	32
 899 0366 94       		.byte	-108
 900 0367 40       		.byte	64
 901 0368 A6       		.byte	-90
 902 0369 20       		.byte	32
 903 036a C4       		.byte	-60
 904 036b 40       		.byte	64
 905 036c E6       		.byte	-26
 906 036d 40       		.byte	64
 907 036e 4F       		.byte	79
 908 036f 40       		.byte	64
 909 0370 87       		.byte	-121
 910 0371 01       		.byte	1
 911 0372 94       		.byte	-108
 912 0373 40       		.byte	64
ARM GAS  C:\Users\vboxuser\AppData\Local\Temp\ccmu00uP.s 			page 17


 913 0374 A9       		.byte	-87
 914 0375 40       		.byte	64
 915 0376 D2       		.byte	-46
 916 0377 20       		.byte	32
 917 0378 E0       		.byte	-32
 918 0379 40       		.byte	64
 919 037a EC       		.byte	-20
 920 037b 20       		.byte	32
 921 037c 13       		.byte	19
 922 037d 40       		.byte	64
 923 037e 80       		.byte	-128
 924 037f 40       		.byte	64
 925 0380 94       		.byte	-108
 926 0381 40       		.byte	64
 927 0382 97       		.byte	-105
 928 0383 40       		.byte	64
 929 0384 9F       		.byte	-97
 930 0385 01       		.byte	1
 931 0386 C4       		.byte	-60
 932 0387 40       		.byte	64
 933 0388 E4       		.byte	-28
 934 0389 20       		.byte	32
 935 038a 7D       		.byte	125
 936 038b 08       		.byte	8
 937 038c DE       		.byte	-34
 938 038d 01       		.byte	1
 939 038e 00       		.byte	0
 940 038f 08       		.byte	8
 941 0390 5F       		.byte	95
 942 0391 80       		.byte	-128
 943 0392 A5       		.byte	-91
 944 0393 04       		.byte	4
 945 0394 C0       		.byte	-64
 946 0395 08       		.byte	8
 947 0396 D6       		.byte	-42
 948 0397 04       		.byte	4
 949 0398 45       		.byte	69
 950 0399 08       		.byte	8
 951 039a 85       		.byte	-123
 952 039b 08       		.byte	8
 953 039c A5       		.byte	-91
 954 039d 04       		.byte	4
 955 039e AB       		.byte	-85
 956 039f 80       		.byte	-128
 957 03a0 B0       		.byte	-80
 958 03a1 04       		.byte	4
 959 03a2 D0       		.byte	-48
 960 03a3 01       		.byte	1
 961 03a4 EA       		.byte	-22
 962 03a5 04       		.byte	4
 963 03a6 33       		.byte	51
 964 03a7 80       		.byte	-128
 965 03a8 83       		.byte	-125
 966 03a9 80       		.byte	-128
 967 03aa A5       		.byte	-91
 968 03ab 04       		.byte	4
 969 03ac CC       		.byte	-52
ARM GAS  C:\Users\vboxuser\AppData\Local\Temp\ccmu00uP.s 			page 18


 970 03ad 08       		.byte	8
 971 03ae 24       		.byte	36
 972 03af 40       		.byte	64
 973 03b0 27       		.byte	39
 974 03b1 01       		.byte	1
 975 03b2 94       		.byte	-108
 976 03b3 40       		.byte	64
 977 03b4 9F       		.byte	-97
 978 03b5 01       		.byte	1
 979 03b6 C8       		.byte	-56
 980 03b7 A0       		.byte	-96
 981 03b8 8D       		.byte	-115
 982 03b9 04       		.byte	4
 983 03ba A5       		.byte	-91
 984 03bb 04       		.byte	4
 985 03bc E4       		.byte	-28
 986 03bd 02       		.byte	2
 987 03be 00       		.byte	0
 988 03bf 02       		.byte	2
 989 03c0 01       		.byte	1
 990 03c1 01       		.byte	1
 991 03c2 0C       		.byte	12
 992 03c3 02       		.byte	2
 993 03c4 0D       		.byte	13
 994 03c5 01       		.byte	1
 995 03c6 0E       		.byte	14
 996 03c7 02       		.byte	2
 997 03c8 00       		.byte	0
 998 03c9 03       		.byte	3
 999 03ca 10       		.byte	16
 1000 03cb 02       		.byte	2
 1001 03cc 12       		.byte	18
 1002 03cd 20       		.byte	32
 1003 03ce 00       		.byte	0
 1004 03cf 00       		.byte	0
 1005 03d0 00       		.byte	0
 1006 03d1 00       		.byte	0
 1007 03d2 00       		.byte	0
 1008 03d3 40       		.byte	64
 1009 03d4 00       		.byte	0
 1010 03d5 00       		.byte	0
 1011 03d6 03       		.byte	3
 1012 03d7 40       		.byte	64
 1013 03d8 03       		.byte	3
 1014 03d9 14       		.byte	20
 1015 03da 00       		.byte	0
 1016 03db 00       		.byte	0
 1017 03dc 00       		.byte	0
 1018 03dd 10       		.byte	16
 1019 03de 04       		.byte	4
 1020 03df 0C       		.byte	12
 1021 03e0 03       		.byte	3
 1022 03e1 80       		.byte	-128
 1023 03e2 00       		.byte	0
 1024 03e3 03       		.byte	3
 1025 03e4 00       		.byte	0
 1026 03e5 20       		.byte	32
ARM GAS  C:\Users\vboxuser\AppData\Local\Temp\ccmu00uP.s 			page 19


 1027 03e6 03       		.byte	3
 1028 03e7 00       		.byte	0
 1029 03e8 01       		.byte	1
 1030 03e9 20       		.byte	32
 1031 03ea 28       		.byte	40
 1032 03eb 00       		.byte	0
 1033 03ec 03       		.byte	3
 1034 03ed 20       		.byte	32
 1035 03ee 10       		.byte	16
 1036 03ef 00       		.byte	0
 1037 03f0 00       		.byte	0
 1038 03f1 1C       		.byte	28
 1039 03f2 04       		.byte	4
 1040 03f3 02       		.byte	2
 1041 03f4 00       		.byte	0
 1042 03f5 0C       		.byte	12
 1043 03f6 03       		.byte	3
 1044 03f7 11       		.byte	17
 1045 03f8 02       		.byte	2
 1046 03f9 09       		.byte	9
 1047 03fa 20       		.byte	32
 1048 03fb 10       		.byte	16
 1049 03fc 00       		.byte	0
 1050 03fd 10       		.byte	16
 1051 03fe 00       		.byte	0
 1052 03ff 00       		.byte	0
 1053 0400 03       		.byte	3
 1054 0401 1F       		.byte	31
 1055 0402 08       		.byte	8
 1056 0403 40       		.byte	64
 1057 0404 04       		.byte	4
 1058 0405 20       		.byte	32
 1059 0406 30       		.byte	48
 1060 0407 80       		.byte	-128
 1061 0408 00       		.byte	0
 1062 0409 00       		.byte	0
 1063 040a 00       		.byte	0
 1064 040b 00       		.byte	0
 1065 040c 00       		.byte	0
 1066 040d 00       		.byte	0
 1067 040e 50       		.byte	80
 1068 040f 44       		.byte	68
 1069 0410 62       		.byte	98
 1070 0411 05       		.byte	5
 1071 0412 04       		.byte	4
 1072 0413 00       		.byte	0
 1073 0414 01       		.byte	1
 1074 0415 E0       		.byte	-32
 1075 0416 00       		.byte	0
 1076 0417 0C       		.byte	12
 1077 0418 12       		.byte	18
 1078 0419 FF       		.byte	-1
 1079 041a FF       		.byte	-1
 1080 041b FF       		.byte	-1
 1081 041c 62       		.byte	98
 1082 041d A0       		.byte	-96
 1083 041e F0       		.byte	-16
ARM GAS  C:\Users\vboxuser\AppData\Local\Temp\ccmu00uP.s 			page 20


 1084 041f 41       		.byte	65
 1085 0420 0C       		.byte	12
 1086 0421 00       		.byte	0
 1087 0422 00       		.byte	0
 1088 0423 00       		.byte	0
 1089 0424 18       		.byte	24
 1090 0425 00       		.byte	0
 1091 0426 04       		.byte	4
 1092 0427 00       		.byte	0
 1093 0428 04       		.byte	4
 1094 0429 04       		.byte	4
 1095 042a 04       		.byte	4
 1096 042b 04       		.byte	4
 1097 042c 11       		.byte	17
 1098 042d 11       		.byte	17
 1099 042e 00       		.byte	0
 1100 042f 01       		.byte	1
 1101 0430 00       		.byte	0
 1102 0431 00       		.byte	0
 1103 0432 00       		.byte	0
 1104 0433 00       		.byte	0
 1105 0434 00       		.byte	0
 1106 0435 00       		.byte	0
 1107 0436 40       		.byte	64
 1108 0437 02       		.byte	2
 1109 0438 00       		.byte	0
 1110 0439 10       		.byte	16
 1111 043a 30       		.byte	48
 1112 043b 10       		.byte	16
 1113 043c 00       		.byte	0
 1114 043d 10       		.byte	16
 1115 043e 10       		.byte	16
 1116 043f 12       		.byte	18
 1117 0440 00       		.byte	0
 1118 0441 00       		.byte	0
 1119 0442 00       		.byte	0
 1120 0443 00       		.byte	0
 1121 0444 00       		.byte	0
 1122 0445 00       		.byte	0
 1123 0446 00       		.byte	0
 1124 0447 00       		.byte	0
 1125 0448 00       		.byte	0
 1126 0449 00       		.byte	0
 1127 044a 00       		.byte	0
 1128 044b 00       		.byte	0
 1129 044c 00       		.byte	0
 1130 044d 00       		.byte	0
 1131 044e 00       		.byte	0
 1132 044f 00       		.byte	0
 1133 0450 00       		.byte	0
 1134 0451 00       		.byte	0
 1135 0452 00       		.byte	0
 1136 0453 00       		.byte	0
 1137 0454 00       		.byte	0
 1138 0455 00       		.byte	0
 1139 0456 20       		.byte	32
 1140 0457 00       		.byte	0
ARM GAS  C:\Users\vboxuser\AppData\Local\Temp\ccmu00uP.s 			page 21


 1141 0458 00       		.byte	0
 1142 0459 0B       		.byte	11
 1143 045a 0B       		.byte	11
 1144 045b 00       		.byte	0
 1145 045c 00       		.byte	0
 1146 045d 00       		.byte	0
 1147 045e 00       		.byte	0
 1148 045f 00       		.byte	0
 1149 0460 82       		.byte	-126
 1150 0461 00       		.byte	0
 1151 0462 01       		.byte	1
 1152 0463 F2       		.byte	-14
 1153 0464 72       		.byte	114
 1154 0465 00       		.byte	0
 1155 0466 02       		.byte	2
 1156 0467 00       		.byte	0
 1157 0468 00       		.byte	0
 1158 0469 00       		.byte	0
 1159 046a 00       		.byte	0
 1160 046b 00       		.byte	0
 1161 046c 00       		.byte	0
 1162 046d 00       		.byte	0
 1163 046e 00       		.byte	0
 1164 046f 00       		.byte	0
 1165 0470 00       		.byte	0
 1166 0471 00       		.byte	0
 1167 0472 80       		.byte	-128
 1168 0473 00       		.byte	0
 1169 0474 BB       		.byte	-69
 1170 0475 00       		.byte	0
 1171 0476 18       		.byte	24
 1172 0477 01       		.byte	1
 1173 0478 00       		.byte	0
 1174 0479 0A       		.byte	10
 1175 047a 00       		.byte	0
 1176 047b 00       		.byte	0
 1177              		.section	.cywolatch,"a",%progbits
 1178              		.align	2
 1179              		.type	cy_meta_wonvl, %object
 1180              		.size	cy_meta_wonvl, 4
 1181              	cy_meta_wonvl:
 1182 0000 BC       		.byte	-68
 1183 0001 90       		.byte	-112
 1184 0002 AC       		.byte	-84
 1185 0003 AF       		.byte	-81
 1186              		.section	.cycustnvl,"a",%progbits
 1187              		.align	2
 1188              		.type	cy_meta_custnvl, %object
 1189              		.size	cy_meta_custnvl, 4
 1190              	cy_meta_custnvl:
 1191 0000 00       		.byte	0
 1192 0001 00       		.byte	0
 1193 0002 40       		.byte	64
 1194 0003 05       		.byte	5
 1195              		.section	.cymeta,"a",%progbits
 1196              		.align	2
 1197              		.type	cy_metadata, %object
ARM GAS  C:\Users\vboxuser\AppData\Local\Temp\ccmu00uP.s 			page 22


 1198              		.size	cy_metadata, 12
 1199              	cy_metadata:
 1200 0000 00       		.byte	0
 1201 0001 01       		.byte	1
 1202 0002 2E       		.byte	46
 1203 0003 16       		.byte	22
 1204 0004 00       		.byte	0
 1205 0005 69       		.byte	105
 1206 0006 00       		.byte	0
 1207 0007 01       		.byte	1
 1208 0008 00       		.byte	0
 1209 0009 00       		.byte	0
 1210 000a 00       		.byte	0
 1211 000b 00       		.byte	0
 1212              		.section	.cyflashprotect,"a",%progbits
 1213              		.align	2
 1214              		.type	cy_meta_flashprotect, %object
 1215              		.size	cy_meta_flashprotect, 256
 1216              	cy_meta_flashprotect:
 1217 0000 00000000 		.space	256
 1217      00000000 
 1217      00000000 
 1217      00000000 
 1217      00000000 
 1218              		.text
 1219              	.Letext0:
 1220              		.file 1 "c:\\program files (x86)\\cypress\\psoc creator\\4.4\\psoc creator\\import\\gnu\\arm\\5.4.
 1221              		.file 2 "c:\\program files (x86)\\cypress\\psoc creator\\4.4\\psoc creator\\import\\gnu\\arm\\5.4.
 1222              		.file 3 "Generated_Source\\PSoC5\\cymetadata.c"
 1223              		.section	.debug_info,"",%progbits
 1224              	.Ldebug_info0:
 1225 0000 32010000 		.4byte	0x132
 1226 0004 0400     		.2byte	0x4
 1227 0006 00000000 		.4byte	.Ldebug_abbrev0
 1228 000a 04       		.byte	0x4
 1229 000b 01       		.uleb128 0x1
 1230 000c 24000000 		.4byte	.LASF17
 1231 0010 0C       		.byte	0xc
 1232 0011 CD010000 		.4byte	.LASF18
 1233 0015 3A010000 		.4byte	.LASF19
 1234 0019 00000000 		.4byte	.Ldebug_line0
 1235 001d 02       		.uleb128 0x2
 1236 001e 01       		.byte	0x1
 1237 001f 06       		.byte	0x6
 1238 0020 C1010000 		.4byte	.LASF0
 1239 0024 03       		.uleb128 0x3
 1240 0025 00000000 		.4byte	.LASF9
 1241 0029 01       		.byte	0x1
 1242 002a 1D       		.byte	0x1d
 1243 002b 2F000000 		.4byte	0x2f
 1244 002f 02       		.uleb128 0x2
 1245 0030 01       		.byte	0x1
 1246 0031 08       		.byte	0x8
 1247 0032 16000000 		.4byte	.LASF1
 1248 0036 02       		.uleb128 0x2
 1249 0037 02       		.byte	0x2
 1250 0038 05       		.byte	0x5
ARM GAS  C:\Users\vboxuser\AppData\Local\Temp\ccmu00uP.s 			page 23


 1251 0039 AE010000 		.4byte	.LASF2
 1252 003d 02       		.uleb128 0x2
 1253 003e 02       		.byte	0x2
 1254 003f 07       		.byte	0x7
 1255 0040 C4000000 		.4byte	.LASF3
 1256 0044 02       		.uleb128 0x2
 1257 0045 04       		.byte	0x4
 1258 0046 05       		.byte	0x5
 1259 0047 B8010000 		.4byte	.LASF4
 1260 004b 02       		.uleb128 0x2
 1261 004c 04       		.byte	0x4
 1262 004d 07       		.byte	0x7
 1263 004e B2000000 		.4byte	.LASF5
 1264 0052 02       		.uleb128 0x2
 1265 0053 08       		.byte	0x8
 1266 0054 05       		.byte	0x5
 1267 0055 A0010000 		.4byte	.LASF6
 1268 0059 02       		.uleb128 0x2
 1269 005a 08       		.byte	0x8
 1270 005b 07       		.byte	0x7
 1271 005c 1B010000 		.4byte	.LASF7
 1272 0060 04       		.uleb128 0x4
 1273 0061 04       		.byte	0x4
 1274 0062 05       		.byte	0x5
 1275 0063 696E7400 		.ascii	"int\000"
 1276 0067 02       		.uleb128 0x2
 1277 0068 04       		.byte	0x4
 1278 0069 07       		.byte	0x7
 1279 006a 0E010000 		.4byte	.LASF8
 1280 006e 03       		.uleb128 0x3
 1281 006f 32010000 		.4byte	.LASF10
 1282 0073 02       		.byte	0x2
 1283 0074 18       		.byte	0x18
 1284 0075 24000000 		.4byte	0x24
 1285 0079 05       		.uleb128 0x5
 1286 007a 91000000 		.4byte	0x91
 1287 007e 8A000000 		.4byte	0x8a
 1288 0082 06       		.uleb128 0x6
 1289 0083 8A000000 		.4byte	0x8a
 1290 0087 7B04     		.2byte	0x47b
 1291 0089 00       		.byte	0
 1292 008a 02       		.uleb128 0x2
 1293 008b 04       		.byte	0x4
 1294 008c 07       		.byte	0x7
 1295 008d 97010000 		.4byte	.LASF11
 1296 0091 07       		.uleb128 0x7
 1297 0092 6E000000 		.4byte	0x6e
 1298 0096 08       		.uleb128 0x8
 1299 0097 E7000000 		.4byte	.LASF12
 1300 009b 03       		.byte	0x3
 1301 009c 1F       		.byte	0x1f
 1302 009d A7000000 		.4byte	0xa7
 1303 00a1 05       		.uleb128 0x5
 1304 00a2 03       		.byte	0x3
 1305 00a3 00000000 		.4byte	cy_meta_configecc
 1306 00a7 07       		.uleb128 0x7
 1307 00a8 79000000 		.4byte	0x79
ARM GAS  C:\Users\vboxuser\AppData\Local\Temp\ccmu00uP.s 			page 24


 1308 00ac 05       		.uleb128 0x5
 1309 00ad 91000000 		.4byte	0x91
 1310 00b1 BC000000 		.4byte	0xbc
 1311 00b5 09       		.uleb128 0x9
 1312 00b6 8A000000 		.4byte	0x8a
 1313 00ba 03       		.byte	0x3
 1314 00bb 00       		.byte	0
 1315 00bc 08       		.uleb128 0x8
 1316 00bd D7000000 		.4byte	.LASF13
 1317 00c1 03       		.byte	0x3
 1318 00c2 BC       		.byte	0xbc
 1319 00c3 CD000000 		.4byte	0xcd
 1320 00c7 05       		.uleb128 0x5
 1321 00c8 03       		.byte	0x3
 1322 00c9 00000000 		.4byte	cy_meta_custnvl
 1323 00cd 07       		.uleb128 0x7
 1324 00ce AC000000 		.4byte	0xac
 1325 00d2 08       		.uleb128 0x8
 1326 00d3 89010000 		.4byte	.LASF14
 1327 00d7 03       		.byte	0x3
 1328 00d8 CA       		.byte	0xca
 1329 00d9 E3000000 		.4byte	0xe3
 1330 00dd 05       		.uleb128 0x5
 1331 00de 03       		.byte	0x3
 1332 00df 00000000 		.4byte	cy_meta_wonvl
 1333 00e3 07       		.uleb128 0x7
 1334 00e4 AC000000 		.4byte	0xac
 1335 00e8 05       		.uleb128 0x5
 1336 00e9 91000000 		.4byte	0x91
 1337 00ed F8000000 		.4byte	0xf8
 1338 00f1 09       		.uleb128 0x9
 1339 00f2 8A000000 		.4byte	0x8a
 1340 00f6 FF       		.byte	0xff
 1341 00f7 00       		.byte	0
 1342 00f8 08       		.uleb128 0x8
 1343 00f9 F9000000 		.4byte	.LASF15
 1344 00fd 03       		.byte	0x3
 1345 00fe D8       		.byte	0xd8
 1346 00ff 09010000 		.4byte	0x109
 1347 0103 05       		.uleb128 0x5
 1348 0104 03       		.byte	0x3
 1349 0105 00000000 		.4byte	cy_meta_flashprotect
 1350 0109 07       		.uleb128 0x7
 1351 010a E8000000 		.4byte	0xe8
 1352 010e 05       		.uleb128 0x5
 1353 010f 91000000 		.4byte	0x91
 1354 0113 1E010000 		.4byte	0x11e
 1355 0117 09       		.uleb128 0x9
 1356 0118 8A000000 		.4byte	0x8a
 1357 011c 0B       		.byte	0xb
 1358 011d 00       		.byte	0
 1359 011e 0A       		.uleb128 0xa
 1360 011f 0A000000 		.4byte	.LASF16
 1361 0123 03       		.byte	0x3
 1362 0124 0501     		.2byte	0x105
 1363 0126 30010000 		.4byte	0x130
 1364 012a 05       		.uleb128 0x5
ARM GAS  C:\Users\vboxuser\AppData\Local\Temp\ccmu00uP.s 			page 25


 1365 012b 03       		.byte	0x3
 1366 012c 00000000 		.4byte	cy_metadata
 1367 0130 07       		.uleb128 0x7
 1368 0131 0E010000 		.4byte	0x10e
 1369 0135 00       		.byte	0
 1370              		.section	.debug_abbrev,"",%progbits
 1371              	.Ldebug_abbrev0:
 1372 0000 01       		.uleb128 0x1
 1373 0001 11       		.uleb128 0x11
 1374 0002 01       		.byte	0x1
 1375 0003 25       		.uleb128 0x25
 1376 0004 0E       		.uleb128 0xe
 1377 0005 13       		.uleb128 0x13
 1378 0006 0B       		.uleb128 0xb
 1379 0007 03       		.uleb128 0x3
 1380 0008 0E       		.uleb128 0xe
 1381 0009 1B       		.uleb128 0x1b
 1382 000a 0E       		.uleb128 0xe
 1383 000b 10       		.uleb128 0x10
 1384 000c 17       		.uleb128 0x17
 1385 000d 00       		.byte	0
 1386 000e 00       		.byte	0
 1387 000f 02       		.uleb128 0x2
 1388 0010 24       		.uleb128 0x24
 1389 0011 00       		.byte	0
 1390 0012 0B       		.uleb128 0xb
 1391 0013 0B       		.uleb128 0xb
 1392 0014 3E       		.uleb128 0x3e
 1393 0015 0B       		.uleb128 0xb
 1394 0016 03       		.uleb128 0x3
 1395 0017 0E       		.uleb128 0xe
 1396 0018 00       		.byte	0
 1397 0019 00       		.byte	0
 1398 001a 03       		.uleb128 0x3
 1399 001b 16       		.uleb128 0x16
 1400 001c 00       		.byte	0
 1401 001d 03       		.uleb128 0x3
 1402 001e 0E       		.uleb128 0xe
 1403 001f 3A       		.uleb128 0x3a
 1404 0020 0B       		.uleb128 0xb
 1405 0021 3B       		.uleb128 0x3b
 1406 0022 0B       		.uleb128 0xb
 1407 0023 49       		.uleb128 0x49
 1408 0024 13       		.uleb128 0x13
 1409 0025 00       		.byte	0
 1410 0026 00       		.byte	0
 1411 0027 04       		.uleb128 0x4
 1412 0028 24       		.uleb128 0x24
 1413 0029 00       		.byte	0
 1414 002a 0B       		.uleb128 0xb
 1415 002b 0B       		.uleb128 0xb
 1416 002c 3E       		.uleb128 0x3e
 1417 002d 0B       		.uleb128 0xb
 1418 002e 03       		.uleb128 0x3
 1419 002f 08       		.uleb128 0x8
 1420 0030 00       		.byte	0
 1421 0031 00       		.byte	0
ARM GAS  C:\Users\vboxuser\AppData\Local\Temp\ccmu00uP.s 			page 26


 1422 0032 05       		.uleb128 0x5
 1423 0033 01       		.uleb128 0x1
 1424 0034 01       		.byte	0x1
 1425 0035 49       		.uleb128 0x49
 1426 0036 13       		.uleb128 0x13
 1427 0037 01       		.uleb128 0x1
 1428 0038 13       		.uleb128 0x13
 1429 0039 00       		.byte	0
 1430 003a 00       		.byte	0
 1431 003b 06       		.uleb128 0x6
 1432 003c 21       		.uleb128 0x21
 1433 003d 00       		.byte	0
 1434 003e 49       		.uleb128 0x49
 1435 003f 13       		.uleb128 0x13
 1436 0040 2F       		.uleb128 0x2f
 1437 0041 05       		.uleb128 0x5
 1438 0042 00       		.byte	0
 1439 0043 00       		.byte	0
 1440 0044 07       		.uleb128 0x7
 1441 0045 26       		.uleb128 0x26
 1442 0046 00       		.byte	0
 1443 0047 49       		.uleb128 0x49
 1444 0048 13       		.uleb128 0x13
 1445 0049 00       		.byte	0
 1446 004a 00       		.byte	0
 1447 004b 08       		.uleb128 0x8
 1448 004c 34       		.uleb128 0x34
 1449 004d 00       		.byte	0
 1450 004e 03       		.uleb128 0x3
 1451 004f 0E       		.uleb128 0xe
 1452 0050 3A       		.uleb128 0x3a
 1453 0051 0B       		.uleb128 0xb
 1454 0052 3B       		.uleb128 0x3b
 1455 0053 0B       		.uleb128 0xb
 1456 0054 49       		.uleb128 0x49
 1457 0055 13       		.uleb128 0x13
 1458 0056 3F       		.uleb128 0x3f
 1459 0057 19       		.uleb128 0x19
 1460 0058 02       		.uleb128 0x2
 1461 0059 18       		.uleb128 0x18
 1462 005a 00       		.byte	0
 1463 005b 00       		.byte	0
 1464 005c 09       		.uleb128 0x9
 1465 005d 21       		.uleb128 0x21
 1466 005e 00       		.byte	0
 1467 005f 49       		.uleb128 0x49
 1468 0060 13       		.uleb128 0x13
 1469 0061 2F       		.uleb128 0x2f
 1470 0062 0B       		.uleb128 0xb
 1471 0063 00       		.byte	0
 1472 0064 00       		.byte	0
 1473 0065 0A       		.uleb128 0xa
 1474 0066 34       		.uleb128 0x34
 1475 0067 00       		.byte	0
 1476 0068 03       		.uleb128 0x3
 1477 0069 0E       		.uleb128 0xe
 1478 006a 3A       		.uleb128 0x3a
ARM GAS  C:\Users\vboxuser\AppData\Local\Temp\ccmu00uP.s 			page 27


 1479 006b 0B       		.uleb128 0xb
 1480 006c 3B       		.uleb128 0x3b
 1481 006d 05       		.uleb128 0x5
 1482 006e 49       		.uleb128 0x49
 1483 006f 13       		.uleb128 0x13
 1484 0070 3F       		.uleb128 0x3f
 1485 0071 19       		.uleb128 0x19
 1486 0072 02       		.uleb128 0x2
 1487 0073 18       		.uleb128 0x18
 1488 0074 00       		.byte	0
 1489 0075 00       		.byte	0
 1490 0076 00       		.byte	0
 1491              		.section	.debug_aranges,"",%progbits
 1492 0000 14000000 		.4byte	0x14
 1493 0004 0200     		.2byte	0x2
 1494 0006 00000000 		.4byte	.Ldebug_info0
 1495 000a 04       		.byte	0x4
 1496 000b 00       		.byte	0
 1497 000c 0000     		.2byte	0
 1498 000e 0000     		.2byte	0
 1499 0010 00000000 		.4byte	0
 1500 0014 00000000 		.4byte	0
 1501              		.section	.debug_line,"",%progbits
 1502              	.Ldebug_line0:
 1503 0000 3D010000 		.section	.debug_str,"MS",%progbits,1
 1503      02003701 
 1503      00000201 
 1503      FB0E0D00 
 1503      01010101 
 1504              	.LASF9:
 1505 0000 5F5F7569 		.ascii	"__uint8_t\000"
 1505      6E74385F 
 1505      7400
 1506              	.LASF16:
 1507 000a 63795F6D 		.ascii	"cy_metadata\000"
 1507      65746164 
 1507      61746100 
 1508              	.LASF1:
 1509 0016 756E7369 		.ascii	"unsigned char\000"
 1509      676E6564 
 1509      20636861 
 1509      7200
 1510              	.LASF17:
 1511 0024 474E5520 		.ascii	"GNU C11 5.4.1 20160609 (release) [ARM/embedded-5-br"
 1511      43313120 
 1511      352E342E 
 1511      31203230 
 1511      31363036 
 1512 0057 616E6368 		.ascii	"anch revision 237715] -mcpu=cortex-m3 -mthumb -g -O"
 1512      20726576 
 1512      6973696F 
 1512      6E203233 
 1512      37373135 
 1513 008a 67202D66 		.ascii	"g -ffunction-sections -ffat-lto-objects\000"
 1513      66756E63 
 1513      74696F6E 
 1513      2D736563 
ARM GAS  C:\Users\vboxuser\AppData\Local\Temp\ccmu00uP.s 			page 28


 1513      74696F6E 
 1514              	.LASF5:
 1515 00b2 6C6F6E67 		.ascii	"long unsigned int\000"
 1515      20756E73 
 1515      69676E65 
 1515      6420696E 
 1515      7400
 1516              	.LASF3:
 1517 00c4 73686F72 		.ascii	"short unsigned int\000"
 1517      7420756E 
 1517      7369676E 
 1517      65642069 
 1517      6E7400
 1518              	.LASF13:
 1519 00d7 63795F6D 		.ascii	"cy_meta_custnvl\000"
 1519      6574615F 
 1519      63757374 
 1519      6E766C00 
 1520              	.LASF12:
 1521 00e7 63795F6D 		.ascii	"cy_meta_configecc\000"
 1521      6574615F 
 1521      636F6E66 
 1521      69676563 
 1521      6300
 1522              	.LASF15:
 1523 00f9 63795F6D 		.ascii	"cy_meta_flashprotect\000"
 1523      6574615F 
 1523      666C6173 
 1523      6870726F 
 1523      74656374 
 1524              	.LASF8:
 1525 010e 756E7369 		.ascii	"unsigned int\000"
 1525      676E6564 
 1525      20696E74 
 1525      00
 1526              	.LASF7:
 1527 011b 6C6F6E67 		.ascii	"long long unsigned int\000"
 1527      206C6F6E 
 1527      6720756E 
 1527      7369676E 
 1527      65642069 
 1528              	.LASF10:
 1529 0132 75696E74 		.ascii	"uint8_t\000"
 1529      385F7400 
 1530              	.LASF19:
 1531 013a 433A5C55 		.ascii	"C:\\Users\\vboxuser\\Documents\\GitHub\\SDHD_Design"
 1531      73657273 
 1531      5C76626F 
 1531      78757365 
 1531      725C446F 
 1532 0168 5C534448 		.ascii	"\\SDHD_Lab\\PSOC_MATLAB_CFAR.cydsn\000"
 1532      445F4C61 
 1532      625C5053 
 1532      4F435F4D 
 1532      41544C41 
 1533              	.LASF14:
 1534 0189 63795F6D 		.ascii	"cy_meta_wonvl\000"
ARM GAS  C:\Users\vboxuser\AppData\Local\Temp\ccmu00uP.s 			page 29


 1534      6574615F 
 1534      776F6E76 
 1534      6C00
 1535              	.LASF11:
 1536 0197 73697A65 		.ascii	"sizetype\000"
 1536      74797065 
 1536      00
 1537              	.LASF6:
 1538 01a0 6C6F6E67 		.ascii	"long long int\000"
 1538      206C6F6E 
 1538      6720696E 
 1538      7400
 1539              	.LASF2:
 1540 01ae 73686F72 		.ascii	"short int\000"
 1540      7420696E 
 1540      7400
 1541              	.LASF4:
 1542 01b8 6C6F6E67 		.ascii	"long int\000"
 1542      20696E74 
 1542      00
 1543              	.LASF0:
 1544 01c1 7369676E 		.ascii	"signed char\000"
 1544      65642063 
 1544      68617200 
 1545              	.LASF18:
 1546 01cd 47656E65 		.ascii	"Generated_Source\\PSoC5\\cymetadata.c\000"
 1546      72617465 
 1546      645F536F 
 1546      75726365 
 1546      5C50536F 
 1547              		.ident	"GCC: (GNU Tools for ARM Embedded Processors) 5.4.1 20160609 (release) [ARM/embedded-5-bran
