ARM GAS  C:\Users\vboxuser\AppData\Local\Temp\ccJvn2jo.s 			page 1


   1              		.syntax unified
   2              		.cpu cortex-m3
   3              		.fpu softvfp
   4              		.eabi_attribute 20, 1
   5              		.eabi_attribute 21, 1
   6              		.eabi_attribute 23, 3
   7              		.eabi_attribute 24, 1
   8              		.eabi_attribute 25, 1
   9              		.eabi_attribute 26, 1
  10              		.eabi_attribute 30, 1
  11              		.eabi_attribute 34, 1
  12              		.eabi_attribute 18, 4
  13              		.thumb
  14              		.syntax unified
  15              		.file	"codetemplate.c"
  16              		.text
  17              	.Ltext0:
  18              		.cfi_sections	.debug_frame
  19              	.Letext0:
  20              		.section	.debug_info,"",%progbits
  21              	.Ldebug_info0:
  22 0000 6E000000 		.4byte	0x6e
  23 0004 0400     		.2byte	0x4
  24 0006 00000000 		.4byte	.Ldebug_abbrev0
  25 000a 04       		.byte	0x4
  26 000b 01       		.uleb128 0x1
  27 000c D7000000 		.4byte	.LASF11
  28 0010 0C       		.byte	0xc
  29 0011 8F000000 		.4byte	.LASF12
  30 0015 06000000 		.4byte	.LASF13
  31 0019 00000000 		.4byte	.Ldebug_line0
  32 001d 02       		.uleb128 0x2
  33 001e 01       		.byte	0x1
  34 001f 06       		.byte	0x6
  35 0020 6C000000 		.4byte	.LASF0
  36 0024 02       		.uleb128 0x2
  37 0025 01       		.byte	0x1
  38 0026 08       		.byte	0x8
  39 0027 A2000000 		.4byte	.LASF1
  40 002b 02       		.uleb128 0x2
  41 002c 02       		.byte	0x2
  42 002d 05       		.byte	0x5
  43 002e 62000000 		.4byte	.LASF2
  44 0032 02       		.uleb128 0x2
  45 0033 02       		.byte	0x2
  46 0034 07       		.byte	0x7
  47 0035 4F000000 		.4byte	.LASF3
  48 0039 02       		.uleb128 0x2
  49 003a 04       		.byte	0x4
  50 003b 05       		.byte	0x5
  51 003c B0000000 		.4byte	.LASF4
  52 0040 02       		.uleb128 0x2
  53 0041 04       		.byte	0x4
  54 0042 07       		.byte	0x7
  55 0043 C0000000 		.4byte	.LASF5
  56 0047 02       		.uleb128 0x2
  57 0048 04       		.byte	0x4
ARM GAS  C:\Users\vboxuser\AppData\Local\Temp\ccJvn2jo.s 			page 2


  58 0049 04       		.byte	0x4
  59 004a 00000000 		.4byte	.LASF6
  60 004e 02       		.uleb128 0x2
  61 004f 08       		.byte	0x8
  62 0050 04       		.byte	0x4
  63 0051 B9000000 		.4byte	.LASF7
  64 0055 02       		.uleb128 0x2
  65 0056 08       		.byte	0x8
  66 0057 05       		.byte	0x5
  67 0058 65010000 		.4byte	.LASF8
  68 005c 02       		.uleb128 0x2
  69 005d 08       		.byte	0x8
  70 005e 07       		.byte	0x7
  71 005f 78000000 		.4byte	.LASF9
  72 0063 02       		.uleb128 0x2
  73 0064 01       		.byte	0x1
  74 0065 08       		.byte	0x8
  75 0066 D2000000 		.4byte	.LASF10
  76 006a 03       		.uleb128 0x3
  77 006b 04       		.byte	0x4
  78 006c 05       		.byte	0x5
  79 006d 696E7400 		.ascii	"int\000"
  80 0071 00       		.byte	0
  81              		.section	.debug_abbrev,"",%progbits
  82              	.Ldebug_abbrev0:
  83 0000 01       		.uleb128 0x1
  84 0001 11       		.uleb128 0x11
  85 0002 01       		.byte	0x1
  86 0003 25       		.uleb128 0x25
  87 0004 0E       		.uleb128 0xe
  88 0005 13       		.uleb128 0x13
  89 0006 0B       		.uleb128 0xb
  90 0007 03       		.uleb128 0x3
  91 0008 0E       		.uleb128 0xe
  92 0009 1B       		.uleb128 0x1b
  93 000a 0E       		.uleb128 0xe
  94 000b 10       		.uleb128 0x10
  95 000c 17       		.uleb128 0x17
  96 000d 00       		.byte	0
  97 000e 00       		.byte	0
  98 000f 02       		.uleb128 0x2
  99 0010 24       		.uleb128 0x24
 100 0011 00       		.byte	0
 101 0012 0B       		.uleb128 0xb
 102 0013 0B       		.uleb128 0xb
 103 0014 3E       		.uleb128 0x3e
 104 0015 0B       		.uleb128 0xb
 105 0016 03       		.uleb128 0x3
 106 0017 0E       		.uleb128 0xe
 107 0018 00       		.byte	0
 108 0019 00       		.byte	0
 109 001a 03       		.uleb128 0x3
 110 001b 24       		.uleb128 0x24
 111 001c 00       		.byte	0
 112 001d 0B       		.uleb128 0xb
 113 001e 0B       		.uleb128 0xb
 114 001f 3E       		.uleb128 0x3e
ARM GAS  C:\Users\vboxuser\AppData\Local\Temp\ccJvn2jo.s 			page 3


 115 0020 0B       		.uleb128 0xb
 116 0021 03       		.uleb128 0x3
 117 0022 08       		.uleb128 0x8
 118 0023 00       		.byte	0
 119 0024 00       		.byte	0
 120 0025 00       		.byte	0
 121              		.section	.debug_aranges,"",%progbits
 122 0000 14000000 		.4byte	0x14
 123 0004 0200     		.2byte	0x2
 124 0006 00000000 		.4byte	.Ldebug_info0
 125 000a 04       		.byte	0x4
 126 000b 00       		.byte	0
 127 000c 0000     		.2byte	0
 128 000e 0000     		.2byte	0
 129 0010 00000000 		.4byte	0
 130 0014 00000000 		.4byte	0
 131              		.section	.debug_line,"",%progbits
 132              	.Ldebug_line0:
 133 0000 19000000 		.section	.debug_str,"MS",%progbits,1
 133      02001300 
 133      00000201 
 133      FB0E0D00 
 133      01010101 
 134              	.LASF6:
 135 0000 666C6F61 		.ascii	"float\000"
 135      7400
 136              	.LASF13:
 137 0006 433A5C55 		.ascii	"C:\\Users\\vboxuser\\Documents\\GitHub\\SDHD_Design"
 137      73657273 
 137      5C76626F 
 137      78757365 
 137      725C446F 
 138 0034 5C534448 		.ascii	"\\SDHD_Lab\\Matlab_FFT.cydsn\000"
 138      445F4C61 
 138      625C4D61 
 138      746C6162 
 138      5F464654 
 139              	.LASF3:
 140 004f 73686F72 		.ascii	"short unsigned int\000"
 140      7420756E 
 140      7369676E 
 140      65642069 
 140      6E7400
 141              	.LASF2:
 142 0062 73686F72 		.ascii	"short int\000"
 142      7420696E 
 142      7400
 143              	.LASF0:
 144 006c 7369676E 		.ascii	"signed char\000"
 144      65642063 
 144      68617200 
 145              	.LASF9:
 146 0078 6C6F6E67 		.ascii	"long long unsigned int\000"
 146      206C6F6E 
 146      6720756E 
 146      7369676E 
 146      65642069 
ARM GAS  C:\Users\vboxuser\AppData\Local\Temp\ccJvn2jo.s 			page 4


 147              	.LASF12:
 148 008f 6173775C 		.ascii	"asw\\codetemplate.c\000"
 148      636F6465 
 148      74656D70 
 148      6C617465 
 148      2E6300
 149              	.LASF1:
 150 00a2 756E7369 		.ascii	"unsigned char\000"
 150      676E6564 
 150      20636861 
 150      7200
 151              	.LASF4:
 152 00b0 6C6F6E67 		.ascii	"long int\000"
 152      20696E74 
 152      00
 153              	.LASF7:
 154 00b9 646F7562 		.ascii	"double\000"
 154      6C6500
 155              	.LASF5:
 156 00c0 6C6F6E67 		.ascii	"long unsigned int\000"
 156      20756E73 
 156      69676E65 
 156      6420696E 
 156      7400
 157              	.LASF10:
 158 00d2 63686172 		.ascii	"char\000"
 158      00
 159              	.LASF11:
 160 00d7 474E5520 		.ascii	"GNU C11 5.4.1 20160609 (release) [ARM/embedded-5-br"
 160      43313120 
 160      352E342E 
 160      31203230 
 160      31363036 
 161 010a 616E6368 		.ascii	"anch revision 237715] -mcpu=cortex-m3 -mthumb -g -O"
 161      20726576 
 161      6973696F 
 161      6E203233 
 161      37373135 
 162 013d 67202D66 		.ascii	"g -ffunction-sections -ffat-lto-objects\000"
 162      66756E63 
 162      74696F6E 
 162      2D736563 
 162      74696F6E 
 163              	.LASF8:
 164 0165 6C6F6E67 		.ascii	"long long int\000"
 164      206C6F6E 
 164      6720696E 
 164      7400
 165              		.ident	"GCC: (GNU Tools for ARM Embedded Processors) 5.4.1 20160609 (release) [ARM/embedded-5-bran
